<?xml version="1.0" encoding="UTF-8"?>
<!-- Generated by org.testng.reporters.JUnitXMLReporter -->
<testsuite ignored="12" hostname="INN00051" failures="1" tests="1" name="Test" time="21.708" errors="0" timestamp="2021-02-01T23:16:35 IST">
  <testcase classname="ramp.test.rampTest.RampIt_ResourceRequest_Test" name="RampIt_ResourceRequest_VerifyResourceNominatingByOtherResonsibleManagerForIECandidate" time="10.01">
    <failure type="org.openqa.selenium.NoSuchElementException" message="no such element: Unable to locate element: {&amp;quot;method&amp;quot;:&amp;quot;xpath&amp;quot;,&amp;quot;selector&amp;quot;:&amp;quot;//div[@class=&amp;apos;datepicker-days&amp;apos;]//thead//th[@class=&amp;apos;datepicker-switch&amp;apos;]&amp;quot;}
  (Session info: headless chrome=88.0.4324.104)
For documentation on this error, please visit: http://seleniumhq.org/exceptions/no_such_element.html
Build info: version: &amp;apos;3.141.5&amp;apos;, revision: &amp;apos;d54ebd709a&amp;apos;, time: &amp;apos;2018-11-06T11:42:16&amp;apos;
System info: host: &amp;apos;INN00051&amp;apos;, ip: &amp;apos;192.168.31.38&amp;apos;, os.name: &amp;apos;Windows 10&amp;apos;, os.arch: &amp;apos;amd64&amp;apos;, os.version: &amp;apos;10.0&amp;apos;, java.version: &amp;apos;14.0.2&amp;apos;
Driver info: org.openqa.selenium.chrome.ChromeDriver
Capabilities {acceptInsecureCerts: false, browserName: chrome, browserVersion: 88.0.4324.104, chrome: {chromedriverVersion: 88.0.4324.96 (68dba2d8a0b14..., userDataDir: C:\Users\10011872\AppData\L...}, goog:chromeOptions: {debuggerAddress: localhost:63251}, javascriptEnabled: true, networkConnectionEnabled: false, pageLoadStrategy: normal, platform: WINDOWS, platformName: WINDOWS, proxy: Proxy(), setWindowRect: true, strictFileInteractability: false, timeouts: {implicit: 0, pageLoad: 300000, script: 30000}, unhandledPromptBehavior: dismiss and notify, webauthn:extension:largeBlob: true, webauthn:virtualAuthenticators: true}
Session ID: 7aeb7dbe58bbad9598745543d0b72e3b
*** Element info: {Using=xpath, value=//div[@class=&amp;apos;datepicker-days&amp;apos;]//thead//th[@class=&amp;apos;datepicker-switch&amp;apos;]}">
      <![CDATA[org.openqa.selenium.NoSuchElementException: no such element: Unable to locate element: {"method":"xpath","selector":"//div[@class='datepicker-days']//thead//th[@class='datepicker-switch']"}
  (Session info: headless chrome=88.0.4324.104)
For documentation on this error, please visit: http://seleniumhq.org/exceptions/no_such_element.html
Build info: version: '3.141.5', revision: 'd54ebd709a', time: '2018-11-06T11:42:16'
System info: host: 'INN00051', ip: '192.168.31.38', os.name: 'Windows 10', os.arch: 'amd64', os.version: '10.0', java.version: '14.0.2'
Driver info: org.openqa.selenium.chrome.ChromeDriver
Capabilities {acceptInsecureCerts: false, browserName: chrome, browserVersion: 88.0.4324.104, chrome: {chromedriverVersion: 88.0.4324.96 (68dba2d8a0b14..., userDataDir: C:\Users\10011872\AppData\L...}, goog:chromeOptions: {debuggerAddress: localhost:63251}, javascriptEnabled: true, networkConnectionEnabled: false, pageLoadStrategy: normal, platform: WINDOWS, platformName: WINDOWS, proxy: Proxy(), setWindowRect: true, strictFileInteractability: false, timeouts: {implicit: 0, pageLoad: 300000, script: 30000}, unhandledPromptBehavior: dismiss and notify, webauthn:extension:largeBlob: true, webauthn:virtualAuthenticators: true}
Session ID: 7aeb7dbe58bbad9598745543d0b72e3b
*** Element info: {Using=xpath, value=//div[@class='datepicker-days']//thead//th[@class='datepicker-switch']}
at org.openqa.selenium.remote.http.W3CHttpResponseCodec.createException(W3CHttpResponseCodec.java:187)
at org.openqa.selenium.remote.http.W3CHttpResponseCodec.decode(W3CHttpResponseCodec.java:122)
at org.openqa.selenium.remote.http.W3CHttpResponseCodec.decode(W3CHttpResponseCodec.java:49)
at org.openqa.selenium.remote.HttpCommandExecutor.execute(HttpCommandExecutor.java:158)
at org.openqa.selenium.remote.service.DriverCommandExecutor.execute(DriverCommandExecutor.java:83)
at org.openqa.selenium.remote.RemoteWebDriver.execute(RemoteWebDriver.java:552)
at org.openqa.selenium.remote.RemoteWebDriver.findElement(RemoteWebDriver.java:323)
at org.openqa.selenium.remote.RemoteWebDriver.findElementByXPath(RemoteWebDriver.java:428)
at org.openqa.selenium.By$ByXPath.findElement(By.java:353)
at org.openqa.selenium.remote.RemoteWebDriver.findElement(RemoteWebDriver.java:315)
at ramp.main.genericLib.Ramp_ItGenericLibrary.selectDateInCalendarWidget(Ramp_ItGenericLibrary.java:72)
at ramp.main.genericLib.CreateResourceRequestPageOperation.createNewRequestByFillingMandatoryFieldsForConsulting(CreateResourceRequestPageOperation.java:21)
at ramp.main.Pages.ResourceRequestPage.verifyResourceNominatingByOtherResonsibleManagerForIECandidate(ResourceRequestPage.java:253)
at ramp.test.rampTest.RampIt_ResourceRequest_Test.RampIt_ResourceRequest_VerifyResourceNominatingByOtherResonsibleManagerForIECandidate(RampIt_ResourceRequest_Test.java:74)
at java.base/java.util.ArrayList.forEach(ArrayList.java:1511)
... Removed 31 stack frames]]>
    </failure>
  </testcase> <!-- RampIt_ResourceRequest_VerifyResourceNominatingByOtherResonsibleManagerForIECandidate -->
  <testcase classname="ramp.test.rampTest.RampIt_ResourceRequest_Test" name="RampIt_ResourceRequest_NominateResourcePositionToRequest" time="0.0">
    <ignored/>
  </testcase> <!-- RampIt_ResourceRequest_NominateResourcePositionToRequest -->
  <testcase classname="ramp.test.rampTest.RampIt_ResourceRequest_Test" name="RampIt_ResourceRequest_VerifyValuesAfterCreatingNewResourceRequestForConsulting" time="0.0">
    <ignored/>
  </testcase> <!-- RampIt_ResourceRequest_VerifyValuesAfterCreatingNewResourceRequestForConsulting -->
  <testcase classname="ramp.test.rampTest.RampIt_ResourceRequest_Test" name="RampIt_ResourceRequest_CopyARequestFromExisting" time="0.0">
    <ignored/>
  </testcase> <!-- RampIt_ResourceRequest_CopyARequestFromExisting -->
  <testcase classname="ramp.test.rampTest.RampIt_ResourceRequest_Test" name="RampIt_ResourceRequest_AddNewResourcePositionToRequest" time="0.0">
    <ignored/>
  </testcase> <!-- RampIt_ResourceRequest_AddNewResourcePositionToRequest -->
  <testcase classname="ramp.test.rampTest.RampIt_ResourceRequest_Test" name="RampIt_ResourceRequest_VerifyCreateNewRequestAssignPositionAndNominate" time="0.0">
    <ignored/>
  </testcase> <!-- RampIt_ResourceRequest_VerifyCreateNewRequestAssignPositionAndNominate -->
  <testcase classname="ramp.test.rampTest.RampIt_ResourceRequest_Test" name="RampIt_ResourceRequest_VerifyCreateNewRequestByFillingTotalEffortWithAlphaNumericFieldsForConsulting" time="0.0">
    <ignored/>
  </testcase> <!-- RampIt_ResourceRequest_VerifyCreateNewRequestByFillingTotalEffortWithAlphaNumericFieldsForConsulting -->
  <testcase classname="ramp.test.rampTest.RampIt_ResourceRequest_Test" name="RampIt_ResourceRequest_VerifyCreateNewRequestByFillingMandatoryFieldsForGMS" time="0.0">
    <ignored/>
  </testcase> <!-- RampIt_ResourceRequest_VerifyCreateNewRequestByFillingMandatoryFieldsForGMS -->
  <testcase classname="ramp.test.rampTest.RampIt_ResourceRequest_Test" name="RampIt_ResourceRequest_VerifyCreateRequestPageOpening" time="0.0">
    <ignored/>
  </testcase> <!-- RampIt_ResourceRequest_VerifyCreateRequestPageOpening -->
  <testcase classname="ramp.test.rampTest.RampIt_ResourceRequest_Test" name="RampIt_ResourceRequest_VerifyResourceNominatingByOtherResonsibleManager" time="0.0">
    <ignored/>
  </testcase> <!-- RampIt_ResourceRequest_VerifyResourceNominatingByOtherResonsibleManager -->
  <testcase classname="ramp.test.rampTest.RampIt_ResourceRequest_Test" name="RampIt_ResourceRequest_VerifyMandatoryFieldsForConsultingBussinessType" time="0.0">
    <ignored/>
  </testcase> <!-- RampIt_ResourceRequest_VerifyMandatoryFieldsForConsultingBussinessType -->
  <testcase classname="ramp.test.rampTest.RampIt_ResourceRequest_Test" name="RampIt_ResourceRequest_VerifyOrderPropabilityAndWbsNumberRelation" time="0.0">
    <ignored/>
  </testcase> <!-- RampIt_ResourceRequest_VerifyOrderPropabilityAndWbsNumberRelation -->
  <testcase classname="ramp.test.rampTest.RampIt_ResourceRequest_Test" name="RampIt_ResourceRequest_VerifyCreateNewRequestByFillingMandatoryFieldsForConsulting" time="0.0">
    <ignored/>
  </testcase> <!-- RampIt_ResourceRequest_VerifyCreateNewRequestByFillingMandatoryFieldsForConsulting -->
</testsuite> <!-- Test -->
