<?xml version="1.0" encoding="UTF-8"?>
<!-- Generated by org.testng.reporters.JUnitXMLReporter -->
<testsuite hostname="GSG1PM-FT0648" ignored="12" name="Test" tests="1" failures="0" timestamp="28 Jan 2021 04:09:39 GMT" time="5.616" errors="0">
  <testcase name="@BeforeMethod beforeMethod" time="5.588" classname="ramp.main.utility.BaseClass">
    <failure type="org.openqa.selenium.NoSuchWindowException" message="no such window: target window already closed
from unknown error: web view not found
  (Session info: chrome=88.0.4324.104)
Build info: version: &amp;apos;3.141.5&amp;apos;, revision: &amp;apos;d54ebd709a&amp;apos;, time: &amp;apos;2018-11-06T11:42:16&amp;apos;
System info: host: &amp;apos;GSG1PM-FT0648&amp;apos;, ip: &amp;apos;192.168.43.65&amp;apos;, os.name: &amp;apos;Windows 10&amp;apos;, os.arch: &amp;apos;amd64&amp;apos;, os.version: &amp;apos;10.0&amp;apos;, java.version: &amp;apos;1.8.0_221&amp;apos;
Driver info: org.openqa.selenium.chrome.ChromeDriver
Capabilities {acceptInsecureCerts: false, browserName: chrome, browserVersion: 88.0.4324.104, chrome: {chromedriverVersion: 88.0.4324.96 (68dba2d8a0b14..., userDataDir: C:\Users\VI8894~1.TIW\AppDa...}, goog:chromeOptions: {debuggerAddress: localhost:51579}, javascriptEnabled: true, networkConnectionEnabled: false, pageLoadStrategy: normal, platform: WINDOWS, platformName: WINDOWS, proxy: Proxy(), setWindowRect: true, strictFileInteractability: false, timeouts: {implicit: 0, pageLoad: 300000, script: 30000}, unhandledPromptBehavior: dismiss and notify, webauthn:extension:largeBlob: true, webauthn:virtualAuthenticators: true}
Session ID: 3821235168934a200287913dcd9ea24f">
      <![CDATA[org.openqa.selenium.NoSuchWindowException: no such window: target window already closed
from unknown error: web view not found
  (Session info: chrome=88.0.4324.104)
Build info: version: '3.141.5', revision: 'd54ebd709a', time: '2018-11-06T11:42:16'
System info: host: 'GSG1PM-FT0648', ip: '192.168.43.65', os.name: 'Windows 10', os.arch: 'amd64', os.version: '10.0', java.version: '1.8.0_221'
Driver info: org.openqa.selenium.chrome.ChromeDriver
Capabilities {acceptInsecureCerts: false, browserName: chrome, browserVersion: 88.0.4324.104, chrome: {chromedriverVersion: 88.0.4324.96 (68dba2d8a0b14..., userDataDir: C:\Users\VI8894~1.TIW\AppDa...}, goog:chromeOptions: {debuggerAddress: localhost:51579}, javascriptEnabled: true, networkConnectionEnabled: false, pageLoadStrategy: normal, platform: WINDOWS, platformName: WINDOWS, proxy: Proxy(), setWindowRect: true, strictFileInteractability: false, timeouts: {implicit: 0, pageLoad: 300000, script: 30000}, unhandledPromptBehavior: dismiss and notify, webauthn:extension:largeBlob: true, webauthn:virtualAuthenticators: true}
Session ID: 3821235168934a200287913dcd9ea24f
at org.openqa.selenium.remote.http.W3CHttpResponseCodec.createException(W3CHttpResponseCodec.java:187)
at org.openqa.selenium.remote.http.W3CHttpResponseCodec.decode(W3CHttpResponseCodec.java:122)
at org.openqa.selenium.remote.http.W3CHttpResponseCodec.decode(W3CHttpResponseCodec.java:49)
at org.openqa.selenium.remote.HttpCommandExecutor.execute(HttpCommandExecutor.java:158)
at org.openqa.selenium.remote.service.DriverCommandExecutor.execute(DriverCommandExecutor.java:83)
at org.openqa.selenium.remote.RemoteWebDriver.execute(RemoteWebDriver.java:552)
at org.openqa.selenium.remote.RemoteWebDriver.execute(RemoteWebDriver.java:609)
at org.openqa.selenium.remote.RemoteWebDriver.getScreenshotAs(RemoteWebDriver.java:295)
at ramp.main.utility.Action2.takeScreenShot(Action2.java:63)
at ramp.main.utility.Action2.typeTextInInputField(Action2.java:47)
at ramp.main.Pages.HomePage.loginPage(HomePage.java:11)
at ramp.main.utility.BaseClass.beforeMethod(BaseClass.java:41)
... Removed 32 stack frames]]>
    </failure>
  </testcase> <!-- @BeforeMethod beforeMethod -->
  <testcase name="@AfterMethod afterMethod" time="0.0" classname="ramp.main.utility.BaseClass">
    <skipped/>
  </testcase> <!-- @AfterMethod afterMethod -->
  <testcase name="@AfterClass afterClass" time="0.0" classname="ramp.main.utility.BaseClass">
    <skipped/>
  </testcase> <!-- @AfterClass afterClass -->
  <testcase name="RampIt_ResourceRequest_VerifyResourceNominatingByOtherResonsibleManagerForIECandidate" time="0.0" classname="ramp.test.rampTest.RampIt_ResourceRequest_Test">
    <skipped/>
  </testcase> <!-- RampIt_ResourceRequest_VerifyResourceNominatingByOtherResonsibleManagerForIECandidate -->
  <testcase name="RampIt_ResourceRequest_NominateResourcePositionToRequest" time="0.0" classname="ramp.test.rampTest.RampIt_ResourceRequest_Test">
    <ignored/>
  </testcase> <!-- RampIt_ResourceRequest_NominateResourcePositionToRequest -->
  <testcase name="RampIt_ResourceRequest_VerifyValuesAfterCreatingNewResourceRequestForConsulting" time="0.0" classname="ramp.test.rampTest.RampIt_ResourceRequest_Test">
    <ignored/>
  </testcase> <!-- RampIt_ResourceRequest_VerifyValuesAfterCreatingNewResourceRequestForConsulting -->
  <testcase name="RampIt_ResourceRequest_CopyARequestFromExisting" time="0.0" classname="ramp.test.rampTest.RampIt_ResourceRequest_Test">
    <ignored/>
  </testcase> <!-- RampIt_ResourceRequest_CopyARequestFromExisting -->
  <testcase name="RampIt_ResourceRequest_AddNewResourcePositionToRequest" time="0.0" classname="ramp.test.rampTest.RampIt_ResourceRequest_Test">
    <ignored/>
  </testcase> <!-- RampIt_ResourceRequest_AddNewResourcePositionToRequest -->
  <testcase name="RampIt_ResourceRequest_VerifyCreateNewRequestAssignPositionAndNominate" time="0.0" classname="ramp.test.rampTest.RampIt_ResourceRequest_Test">
    <ignored/>
  </testcase> <!-- RampIt_ResourceRequest_VerifyCreateNewRequestAssignPositionAndNominate -->
  <testcase name="RampIt_ResourceRequest_VerifyCreateNewRequestByFillingTotalEffortWithAlphaNumericFieldsForConsulting" time="0.0" classname="ramp.test.rampTest.RampIt_ResourceRequest_Test">
    <ignored/>
  </testcase> <!-- RampIt_ResourceRequest_VerifyCreateNewRequestByFillingTotalEffortWithAlphaNumericFieldsForConsulting -->
  <testcase name="RampIt_ResourceRequest_VerifyCreateNewRequestByFillingMandatoryFieldsForGMS" time="0.0" classname="ramp.test.rampTest.RampIt_ResourceRequest_Test">
    <ignored/>
  </testcase> <!-- RampIt_ResourceRequest_VerifyCreateNewRequestByFillingMandatoryFieldsForGMS -->
  <testcase name="RampIt_ResourceRequest_VerifyCreateRequestPageOpening" time="0.0" classname="ramp.test.rampTest.RampIt_ResourceRequest_Test">
    <ignored/>
  </testcase> <!-- RampIt_ResourceRequest_VerifyCreateRequestPageOpening -->
  <testcase name="RampIt_ResourceRequest_VerifyResourceNominatingByOtherResonsibleManager" time="0.0" classname="ramp.test.rampTest.RampIt_ResourceRequest_Test">
    <ignored/>
  </testcase> <!-- RampIt_ResourceRequest_VerifyResourceNominatingByOtherResonsibleManager -->
  <testcase name="RampIt_ResourceRequest_VerifyMandatoryFieldsForConsultingBussinessType" time="0.0" classname="ramp.test.rampTest.RampIt_ResourceRequest_Test">
    <ignored/>
  </testcase> <!-- RampIt_ResourceRequest_VerifyMandatoryFieldsForConsultingBussinessType -->
  <testcase name="RampIt_ResourceRequest_VerifyOrderPropabilityAndWbsNumberRelation" time="0.0" classname="ramp.test.rampTest.RampIt_ResourceRequest_Test">
    <ignored/>
  </testcase> <!-- RampIt_ResourceRequest_VerifyOrderPropabilityAndWbsNumberRelation -->
  <testcase name="RampIt_ResourceRequest_VerifyCreateNewRequestByFillingMandatoryFieldsForConsulting" time="0.0" classname="ramp.test.rampTest.RampIt_ResourceRequest_Test">
    <ignored/>
  </testcase> <!-- RampIt_ResourceRequest_VerifyCreateNewRequestByFillingMandatoryFieldsForConsulting -->
</testsuite> <!-- Test -->
